This is ApacheBench, Version 2.3 <$Revision: 1430300 $>
Copyright 1996 Adam Twiss, Zeus Technology Ltd, http://www.zeustech.net/
Licensed to The Apache Software Foundation, http://www.apache.org/

Benchmarking localhost (be patient)


Server Software:        Jetty(9.4.30.v20200611)
Server Hostname:        localhost
Server Port:            8001

Document Path:          /send?username=testuser3&password=testuser&to=919487660738&content=test%20message&from=WECARE
Document Length:        121 bytes

Concurrency Level:      10
Time taken for tests:   661.503 seconds
Complete requests:      200000
Failed requests:        0
Write errors:           0
Total transferred:      54000000 bytes
HTML transferred:       24200000 bytes
Requests per second:    302.34 [#/sec] (mean)
Time per request:       33.075 [ms] (mean)
Time per request:       3.308 [ms] (mean, across all concurrent requests)
Transfer rate:          79.72 [Kbytes/sec] received

Connection Times (ms)
              min  mean[+/-sd] median   max
Connect:        0    0   0.1      0       2
Processing:     1   33 121.4     11    5840
Waiting:        1   33 121.4     11    5840
Total:          1   33 121.4     11    5840

Percentage of the requests served within a certain time (ms)
  50%     11
  66%     15
  75%     17
  80%     20
  90%     34
  95%     89
  98%    344
  99%    622
 100%   5840 (longest request)
