This is ApacheBench, Version 2.3 <$Revision: 1430300 $>
Copyright 1996 Adam Twiss, Zeus Technology Ltd, http://www.zeustech.net/
Licensed to The Apache Software Foundation, http://www.apache.org/

Benchmarking localhost (be patient)


Server Software:        Jetty(9.4.30.v20200611)
Server Hostname:        localhost
Server Port:            8001

Document Path:          /send?username=testuser2&password=testuser&to=919487660738&content=test%20message&from=WECARE
Document Length:        121 bytes

Concurrency Level:      10
Time taken for tests:   675.969 seconds
Complete requests:      200000
Failed requests:        0
Write errors:           0
Total transferred:      54000000 bytes
HTML transferred:       24200000 bytes
Requests per second:    295.87 [#/sec] (mean)
Time per request:       33.798 [ms] (mean)
Time per request:       3.380 [ms] (mean, across all concurrent requests)
Transfer rate:          78.01 [Kbytes/sec] received

Connection Times (ms)
              min  mean[+/-sd] median   max
Connect:        0    0   0.1      0       2
Processing:     1   34 104.6      8    3891
Waiting:        1   34 104.6      8    3891
Total:          1   34 104.6      8    3891

Percentage of the requests served within a certain time (ms)
  50%      8
  66%     12
  75%     16
  80%     21
  90%     54
  95%    126
  98%    393
  99%    562
 100%   3891 (longest request)
