This is ApacheBench, Version 2.3 <$Revision: 1430300 $>
Copyright 1996 Adam Twiss, Zeus Technology Ltd, http://www.zeustech.net/
Licensed to The Apache Software Foundation, http://www.apache.org/

Benchmarking localhost (be patient)


Server Software:        Jetty(9.4.30.v20200611)
Server Hostname:        localhost
Server Port:            8001

Document Path:          /send?username=testuser5&password=testuser&to=919487660738&content=test%20message&from=WECARE
Document Length:        121 bytes

Concurrency Level:      10
Time taken for tests:   679.043 seconds
Complete requests:      200000
Failed requests:        0
Write errors:           0
Total transferred:      54000000 bytes
HTML transferred:       24200000 bytes
Requests per second:    294.53 [#/sec] (mean)
Time per request:       33.952 [ms] (mean)
Time per request:       3.395 [ms] (mean, across all concurrent requests)
Transfer rate:          77.66 [Kbytes/sec] received

Connection Times (ms)
              min  mean[+/-sd] median   max
Connect:        0    0   0.1      0       2
Processing:     1   34 105.2      8    3316
Waiting:        1   34 105.2      8    3316
Total:          1   34 105.2      8    3316

Percentage of the requests served within a certain time (ms)
  50%      8
  66%     11
  75%     16
  80%     21
  90%     54
  95%    124
  98%    403
  99%    573
 100%   3316 (longest request)
